[30-Nov-2017 07:51:30 UTC] Uncaught PHP Exception Drupal\Core\Extension\InfoParserException: "Unable to parse themes/property/property.info.yml Unable to parse at line 11 (near "regions：")." at D:\TWAMP\htdocs\drupal\core\lib\Drupal\Core\Extension\InfoParserDynamic.php line 25
[30-Nov-2017 07:51:35 UTC] Uncaught PHP Exception Drupal\Core\Extension\InfoParserException: "Unable to parse themes/property/property.info.yml Unable to parse at line 11 (near "regions：")." at D:\TWAMP\htdocs\drupal\core\lib\Drupal\Core\Extension\InfoParserDynamic.php line 25
[30-Nov-2017 07:51:38 UTC] Uncaught PHP Exception Drupal\Core\Extension\InfoParserException: "Unable to parse themes/property/property.info.yml Unable to parse at line 11 (near "regions：")." at D:\TWAMP\htdocs\drupal\core\lib\Drupal\Core\Extension\InfoParserDynamic.php line 25
[30-Nov-2017 07:51:50 UTC] Uncaught PHP Exception Drupal\Core\Extension\InfoParserException: "Unable to parse themes/property/property.info.yml Unable to parse at line 11 (near "regions：")." at D:\TWAMP\htdocs\drupal\core\lib\Drupal\Core\Extension\InfoParserDynamic.php line 25
[30-Nov-2017 07:51:55 UTC] Uncaught PHP Exception Drupal\Core\Extension\InfoParserException: "Unable to parse themes/property/property.info.yml Unable to parse at line 11 (near "regions：")." at D:\TWAMP\htdocs\drupal\core\lib\Drupal\Core\Extension\InfoParserDynamic.php line 25
[30-Nov-2017 07:52:27 UTC] Uncaught PHP Exception Drupal\Core\Extension\InfoParserException: "Unable to parse themes/property/property.info.yml Unable to parse at line 11 (near "regions：")." at D:\TWAMP\htdocs\drupal\core\lib\Drupal\Core\Extension\InfoParserDynamic.php line 25
[30-Nov-2017 07:52:42 UTC] Uncaught PHP Exception Drupal\Core\Extension\InfoParserException: "Unable to parse themes/property/property.info.yml Unable to parse at line 11 (near "regions：")." at D:\TWAMP\htdocs\drupal\core\lib\Drupal\Core\Extension\InfoParserDynamic.php line 25
[30-Nov-2017 07:57:22 UTC] Uncaught PHP Exception Drupal\Core\Extension\InfoParserException: "Unable to parse themes/property/property.info.yml Unable to parse at line 11 (near "regions：")." at D:\TWAMP\htdocs\drupal\core\lib\Drupal\Core\Extension\InfoParserDynamic.php line 25
[30-Nov-2017 07:57:26 UTC] Uncaught PHP Exception Drupal\Core\Extension\InfoParserException: "Unable to parse themes/property/property.info.yml Unable to parse at line 11 (near "regions：")." at D:\TWAMP\htdocs\drupal\core\lib\Drupal\Core\Extension\InfoParserDynamic.php line 25
[30-Nov-2017 07:59:33 UTC] Uncaught PHP Exception Drupal\Core\Extension\InfoParserException: "Unable to parse themes/property/property.info.yml Unable to parse at line 11 (near "regions：")." at D:\TWAMP\htdocs\drupal\core\lib\Drupal\Core\Extension\InfoParserDynamic.php line 25
[30-Nov-2017 07:59:44 UTC] Drupal\Core\Extension\InfoParserException: Unable to parse themes/property/property.info.yml Unable to parse at line 11 (near "regions："). in D:\TWAMP\htdocs\drupal\core\lib\Drupal\Core\Extension\InfoParserDynamic.php on line 25 #0 D:\TWAMP\htdocs\drupal\core\lib\Drupal\Core\Extension\InfoParser.php(22): Drupal\Core\Extension\InfoParserDynamic->parse('themes/property...')
#1 D:\TWAMP\htdocs\drupal\core\lib\Drupal\Core\Extension\ThemeHandler.php(291): Drupal\Core\Extension\InfoParser->parse('themes/property...')
#2 D:\TWAMP\htdocs\drupal\core\includes\update.inc(45): Drupal\Core\Extension\ThemeHandler->rebuildThemeData()
#3 D:\TWAMP\htdocs\drupal\core\includes\update.inc(22): update_check_incompatibility('automated_cron', 'module')
#4 D:\TWAMP\htdocs\drupal\core\modules\system\src\Controller\DbUpdateController.php(147): update_fix_compatibility()
#5 [internal function]: Drupal\system\Controller\DbUpdateController->handle('info', Object(Symfony\Component\HttpFoundation\Request))
#6 D:\TWAMP\htdocs\drupal\core\lib\Drupal\Core\Update\UpdateKernel.php(110): call_user_func_array(Array, Array)
#7 D:\TWAMP\htdocs\drupal\core\lib\Drupal\Core\Update\UpdateKernel.php(73): Drupal\Core\Update\UpdateKernel->handleRaw(Object(Symfony\Component\HttpFoundation\Request))
#8 D:\TWAMP\htdocs\drupal\update.php(28): Drupal\Core\Update\UpdateKernel->handle(Object(Symfony\Component\HttpFoundation\Request))
#9 {main}
[30-Nov-2017 08:00:05 UTC] Uncaught PHP Exception Drupal\Core\Extension\InfoParserException: "Unable to parse themes/property/property.info.yml Unable to parse at line 11 (near "regions：")." at D:\TWAMP\htdocs\drupal\core\lib\Drupal\Core\Extension\InfoParserDynamic.php line 25
[01-Dec-2017 08:59:25 UTC] Uncaught PHP Exception Twig_Error_Loader: "Template "@property/footer.html.twig" is not defined (Drupal\Core\Template\Loader\ThemeRegistryLoader: Unable to find template "@property/footer.html.twig" in the Drupal theme registry.) in "themes/property/templates/page--front.html.twig" at line 79." at D:\TWAMP\htdocs\drupal\vendor\twig\twig\lib\Twig\Loader\Chain.php line 129
[01-Dec-2017 09:00:01 UTC] Uncaught PHP Exception Twig_Error_Loader: "Template "@property/footer.html.twig" is not defined (Drupal\Core\Template\Loader\ThemeRegistryLoader: Unable to find template "@property/footer.html.twig" in the Drupal theme registry.) in "themes/property/templates/page--front.html.twig" at line 79." at D:\TWAMP\htdocs\drupal\vendor\twig\twig\lib\Twig\Loader\Chain.php line 129
[01-Dec-2017 09:00:40 UTC] Uncaught PHP Exception Twig_Error_Loader: "Template "@property/footer.html.twig" is not defined (Drupal\Core\Template\Loader\ThemeRegistryLoader: Unable to find template "@property/footer.html.twig" in the Drupal theme registry.) in "themes/property/templates/page--front.html.twig" at line 79." at D:\TWAMP\htdocs\drupal\vendor\twig\twig\lib\Twig\Loader\Chain.php line 129
